<?xml version="1.0" encoding="UTF-8"?>
<!-- Generated by org.testng.reporters.JUnitReportReporter -->
<testsuite hostname="Mayur" failures="0" tests="1" name="Mayur.POMProject.PrintAllProducts" time="0.941" errors="0" timestamp="2023-07-17T19:41:10 IST" skipped="0">
  <testcase classname="Mayur.POMProject.PrintAllProducts" name="verifyPrintItem" time="0.941"/>
  <system-out/>
</testsuite> <!-- Mayur.POMProject.PrintAllProducts -->
