<?xml version="1.0" encoding="UTF-8"?>
<!-- Generated by org.testng.reporters.JUnitReportReporter -->
<testsuite hostname="Mayur" failures="0" tests="1" name="Mayur.POMProject.SelectItemVerify" time="0.679" errors="0" timestamp="2023-07-17T19:41:10 IST" skipped="0">
  <testcase classname="Mayur.POMProject.SelectItemVerify" name="verifySearchItem" time="0.679"/>
  <system-out/>
</testsuite> <!-- Mayur.POMProject.SelectItemVerify -->
