<?xml version="1.0" encoding="UTF-8"?>
<!-- Generated by org.testng.reporters.JUnitReportReporter -->
<testsuite hostname="Mayur" failures="0" tests="1" name="Mayur.POMProject.LogoutTest" time="1.107" errors="0" timestamp="2023-07-17T19:41:10 IST" skipped="0">
  <testcase classname="Mayur.POMProject.LogoutTest" name="VerifyLogout" time="1.107"/>
  <system-out/>
</testsuite> <!-- Mayur.POMProject.LogoutTest -->
