<?xml version="1.0" encoding="UTF-8"?>
<!-- Generated by org.testng.reporters.JUnitReportReporter -->
<testsuite hostname="Mayur" failures="0" tests="2" name="Mayur.POMProject.DeleteProduct" time="1.288" errors="0" timestamp="2023-07-17T19:41:10 IST" skipped="0">
  <testcase classname="Mayur.POMProject.DeleteProduct" name="verifyDeleteFromCart" time="0.589"/>
  <system-out/>
  <testcase classname="Mayur.POMProject.DeleteProduct" name="verifyDeleteFromHomePage" time="0.699"/>
  <system-out/>
</testsuite> <!-- Mayur.POMProject.DeleteProduct -->
