<?xml version="1.0" encoding="UTF-8"?>
<!-- Generated by org.testng.reporters.JUnitReportReporter -->
<testsuite hostname="Mayur" failures="0" tests="1" name="Mayur.POMProject.DeletFromCartTest" time="0.738" errors="0" timestamp="2023-07-15T21:46:46 IST" skipped="0">
  <testcase classname="Mayur.POMProject.DeletFromCartTest" name="verifyDeleteFromCart" time="0.738"/>
  <system-out/>
</testsuite> <!-- Mayur.POMProject.DeletFromCartTest -->
