<?xml version="1.0" encoding="UTF-8"?>
<!-- Generated by org.testng.reporters.JUnitReportReporter -->
<testsuite hostname="Mayur" failures="0" tests="1" name="Mayur.POMProject.LogoutTest" time="0.800" errors="0" timestamp="2023-11-08T14:40:01 IST" skipped="0">
  <testcase classname="Mayur.POMProject.LogoutTest" name="VerifyLogout" time="0.800"/>
  <system-out/>
</testsuite> <!-- Mayur.POMProject.LogoutTest -->
