<?xml version="1.0" encoding="UTF-8"?>
<!-- Generated by org.testng.reporters.JUnitReportReporter -->
<testsuite hostname="Mayur" failures="0" tests="1" name="Mayur.POMProject.SortTets" time="0.917" errors="0" timestamp="2023-07-17T19:33:26 IST" skipped="0">
  <testcase classname="Mayur.POMProject.SortTets" name="VerifySort" time="0.917"/>
  <system-out/>
</testsuite> <!-- Mayur.POMProject.SortTets -->
