<?xml version="1.0" encoding="UTF-8"?>
<!-- Generated by org.testng.reporters.JUnitReportReporter -->
<testsuite hostname="Mayur" failures="0" tests="2" name="Mayur.POMProject.DeleteProduct" time="21.173" errors="0" timestamp="2023-11-08T14:40:50 IST" skipped="0">
  <testcase classname="Mayur.POMProject.DeleteProduct" name="verifyDeleteFromCart" time="10.598"/>
  <system-out/>
  <testcase classname="Mayur.POMProject.DeleteProduct" name="verifyDeleteFromHomePage" time="10.575"/>
  <system-out/>
</testsuite> <!-- Mayur.POMProject.DeleteProduct -->
