<?xml version="1.0" encoding="UTF-8"?>
<!-- Generated by org.testng.reporters.JUnitReportReporter -->
<testsuite hostname="Mayur" failures="0" tests="1" name="Mayur.POMProject.PrintAllProducts" time="20.573" errors="0" timestamp="2023-11-08T14:12:14 IST" skipped="0">
  <testcase classname="Mayur.POMProject.PrintAllProducts" name="verifyPrintItem" time="20.573"/>
  <system-out/>
</testsuite> <!-- Mayur.POMProject.PrintAllProducts -->
