<?xml version="1.0" encoding="UTF-8"?>
<!-- Generated by org.testng.reporters.JUnitReportReporter -->
<testsuite hostname="Mayur" failures="0" tests="2" name="Mayur.POMProject.RemoveProductTest" time="1.301" errors="0" timestamp="2023-07-15T23:46:34 IST" skipped="0">
  <testcase classname="Mayur.POMProject.RemoveProductTest" name="verifyDeleteFromCart" time="0.753"/>
  <system-out/>
  <testcase classname="Mayur.POMProject.RemoveProductTest" name="verifyDeleteFromHomePage" time="0.548"/>
  <system-out/>
</testsuite> <!-- Mayur.POMProject.RemoveProductTest -->
